<?xml version="1.0" encoding="UTF-8"?>
<!-- Generated by org.testng.reporters.JUnitXMLReporter -->
<testsuite hostname="Vishal-PC" ignored="0" name="OpenWeatherMap Test Cases" tests="3" failures="0" timestamp="14 Oct 2018 04:21:53 GMT" time="65.696" errors="0">
  <testcase name="firstTest" time="0.371" classname="testCases.FirstEndToEndTest"/>
  <testcase name="secondTest" time="5.073" classname="testCases.SecondEndToEndTest"/>
  <testcase name="thirdTest" time="3.814" classname="testCases.ThirdEndToEndTest"/>
</testsuite> <!-- OpenWeatherMap Test Cases -->
