<?xml version="1.0" encoding="UTF-8"?>
<testng-results skipped="0" failed="0" ignored="0" total="1" passed="1">
  <reporter-output>
  </reporter-output>
  <suite name="Default suite" duration-ms="44024" started-at="2018-10-12T12:50:28Z" finished-at="2018-10-12T12:51:12Z">
    <groups>
    </groups>
    <test name="Default test" duration-ms="44024" started-at="2018-10-12T12:50:28Z" finished-at="2018-10-12T12:51:12Z">
      <class name="testCases.ThirdEndToEndTest">
        <test-method status="PASS" signature="setup()[pri:0, instance:testCases.ThirdEndToEndTest@59ec2012]" name="setup" is-config="true" duration-ms="41597" started-at="2018-10-12T12:50:28Z" finished-at="2018-10-12T12:51:09Z">
          <reporter-output>
          </reporter-output>
        </test-method> <!-- setup -->
        <test-method status="PASS" signature="thirdTest()[pri:0, instance:testCases.ThirdEndToEndTest@59ec2012]" name="thirdTest" duration-ms="1604" started-at="2018-10-12T12:51:09Z" finished-at="2018-10-12T12:51:11Z">
          <reporter-output>
          </reporter-output>
        </test-method> <!-- thirdTest -->
        <test-method status="PASS" signature="tearDown()[pri:0, instance:testCases.ThirdEndToEndTest@59ec2012]" name="tearDown" is-config="true" duration-ms="817" started-at="2018-10-12T12:51:11Z" finished-at="2018-10-12T12:51:12Z">
          <reporter-output>
          </reporter-output>
        </test-method> <!-- tearDown -->
      </class> <!-- testCases.ThirdEndToEndTest -->
    </test> <!-- Default test -->
  </suite> <!-- Default suite -->
</testng-results>
